{
  "timestamp": "2026-04-26T07:45:19.865Z",
  "message": "Route not found: GET /api/auth/verify",
  "stack": "Error: Route not found: GET /api/auth/verify\n    at file:///D:/projects/Merkeb-Erp/backend/server.js:219:17\n    at Layer.handleRequest (D:\\projects\\Merkeb-Erp\\backend\\node_modules\\router\\lib\\layer.js:152:17)\n    at trimPrefix (D:\\projects\\Merkeb-Erp\\backend\\node_modules\\router\\index.js:342:13)\n    at D:\\projects\\Merkeb-Erp\\backend\\node_modules\\router\\index.js:297:9\n    at processParams (D:\\projects\\Merkeb-Erp\\backend\\node_modules\\router\\index.js:582:12)\n    at next (D:\\projects\\Merkeb-Erp\\backend\\node_modules\\router\\index.js:291:5)\n    at authenticateToken (file:///D:/projects/Merkeb-Erp/backend/middleware/auth.js:16:5)\n    at Layer.handleRequest (D:\\projects\\Merkeb-Erp\\backend\\node_modules\\router\\lib\\layer.js:152:17)\n    at trimPrefix (D:\\projects\\Merkeb-Erp\\backend\\node_modules\\router\\index.js:342:13)\n    at D:\\projects\\Merkeb-Erp\\backend\\node_modules\\router\\index.js:297:9",
  "name": "Error",
  "code": "ROUTE_NOT_FOUND",
  "url": "/api/auth/verify",
  "method": "GET",
  "params": {},
  "query": {},
  "headers": {
    "host": "localhost:5000",
    "connection": "keep-alive",
    "sec-ch-ua-platform": "\"iOS\"",
    "authorization": "[REDACTED]",
    "user-agent": "Mozilla/5.0 (iPhone; CPU iPhone OS 18_5 like Mac OS X) AppleWebKit/605.1.15 (KHTML, like Gecko) Version/18.5 Mobile/15E148 Safari/604.1",
    "accept": "application/json, text/plain, */*",
    "sec-ch-ua": "\"Google Chrome\";v=\"147\", \"Not.A/Brand\";v=\"8\", \"Chromium\";v=\"147\"",
    "sec-ch-ua-mobile": "?1",
    "origin": "http://localhost:5173",
    "sec-fetch-site": "same-site",
    "sec-fetch-mode": "cors",
    "sec-fetch-dest": "empty",
    "referer": "http://localhost:5173/",
    "accept-encoding": "gzip, deflate, br, zstd",
    "accept-language": "en-US,en;q=0.9",
    "if-none-match": "W/\"98-iE9dxAdUIXirXIEi9POJcmnwqCc\""
  },
  "ip": "::1"
}
---
{
  "timestamp": "2026-04-26T07:45:19.887Z",
  "message": "Route not found: GET /api/auth/verify",
  "stack": "Error: Route not found: GET /api/auth/verify\n    at file:///D:/projects/Merkeb-Erp/backend/server.js:219:17\n    at Layer.handleRequest (D:\\projects\\Merkeb-Erp\\backend\\node_modules\\router\\lib\\layer.js:152:17)\n    at trimPrefix (D:\\projects\\Merkeb-Erp\\backend\\node_modules\\router\\index.js:342:13)\n    at D:\\projects\\Merkeb-Erp\\backend\\node_modules\\router\\index.js:297:9\n    at processParams (D:\\projects\\Merkeb-Erp\\backend\\node_modules\\router\\index.js:582:12)\n    at next (D:\\projects\\Merkeb-Erp\\backend\\node_modules\\router\\index.js:291:5)\n    at authenticateToken (file:///D:/projects/Merkeb-Erp/backend/middleware/auth.js:16:5)\n    at Layer.handleRequest (D:\\projects\\Merkeb-Erp\\backend\\node_modules\\router\\lib\\layer.js:152:17)\n    at trimPrefix (D:\\projects\\Merkeb-Erp\\backend\\node_modules\\router\\index.js:342:13)\n    at D:\\projects\\Merkeb-Erp\\backend\\node_modules\\router\\index.js:297:9",
  "name": "Error",
  "code": "ROUTE_NOT_FOUND",
  "url": "/api/auth/verify",
  "method": "GET",
  "params": {},
  "query": {},
  "headers": {
    "host": "localhost:5000",
    "connection": "keep-alive",
    "sec-ch-ua-platform": "\"iOS\"",
    "authorization": "[REDACTED]",
    "user-agent": "Mozilla/5.0 (iPhone; CPU iPhone OS 18_5 like Mac OS X) AppleWebKit/605.1.15 (KHTML, like Gecko) Version/18.5 Mobile/15E148 Safari/604.1",
    "accept": "application/json, text/plain, */*",
    "sec-ch-ua": "\"Google Chrome\";v=\"147\", \"Not.A/Brand\";v=\"8\", \"Chromium\";v=\"147\"",
    "sec-ch-ua-mobile": "?1",
    "origin": "http://localhost:5173",
    "sec-fetch-site": "same-site",
    "sec-fetch-mode": "cors",
    "sec-fetch-dest": "empty",
    "referer": "http://localhost:5173/",
    "accept-encoding": "gzip, deflate, br, zstd",
    "accept-language": "en-US,en;q=0.9",
    "if-none-match": "W/\"98-iE9dxAdUIXirXIEi9POJcmnwqCc\""
  },
  "ip": "::1"
}
---
{
  "timestamp": "2026-04-26T07:45:19.923Z",
  "message": "Route not found: GET /api/auth/verify",
  "stack": "Error: Route not found: GET /api/auth/verify\n    at file:///D:/projects/Merkeb-Erp/backend/server.js:219:17\n    at Layer.handleRequest (D:\\projects\\Merkeb-Erp\\backend\\node_modules\\router\\lib\\layer.js:152:17)\n    at trimPrefix (D:\\projects\\Merkeb-Erp\\backend\\node_modules\\router\\index.js:342:13)\n    at D:\\projects\\Merkeb-Erp\\backend\\node_modules\\router\\index.js:297:9\n    at processParams (D:\\projects\\Merkeb-Erp\\backend\\node_modules\\router\\index.js:582:12)\n    at next (D:\\projects\\Merkeb-Erp\\backend\\node_modules\\router\\index.js:291:5)\n    at authenticateToken (file:///D:/projects/Merkeb-Erp/backend/middleware/auth.js:16:5)\n    at Layer.handleRequest (D:\\projects\\Merkeb-Erp\\backend\\node_modules\\router\\lib\\layer.js:152:17)\n    at trimPrefix (D:\\projects\\Merkeb-Erp\\backend\\node_modules\\router\\index.js:342:13)\n    at D:\\projects\\Merkeb-Erp\\backend\\node_modules\\router\\index.js:297:9",
  "name": "Error",
  "code": "ROUTE_NOT_FOUND",
  "url": "/api/auth/verify",
  "method": "GET",
  "params": {},
  "query": {},
  "headers": {
    "host": "localhost:5000",
    "connection": "keep-alive",
    "sec-ch-ua-platform": "\"iOS\"",
    "authorization": "[REDACTED]",
    "user-agent": "Mozilla/5.0 (iPhone; CPU iPhone OS 18_5 like Mac OS X) AppleWebKit/605.1.15 (KHTML, like Gecko) Version/18.5 Mobile/15E148 Safari/604.1",
    "accept": "application/json, text/plain, */*",
    "sec-ch-ua": "\"Google Chrome\";v=\"147\", \"Not.A/Brand\";v=\"8\", \"Chromium\";v=\"147\"",
    "sec-ch-ua-mobile": "?1",
    "origin": "http://localhost:5173",
    "sec-fetch-site": "same-site",
    "sec-fetch-mode": "cors",
    "sec-fetch-dest": "empty",
    "referer": "http://localhost:5173/",
    "accept-encoding": "gzip, deflate, br, zstd",
    "accept-language": "en-US,en;q=0.9"
  },
  "ip": "::1"
}
---
{
  "timestamp": "2026-04-26T07:45:19.929Z",
  "message": "Route not found: GET /api/auth/verify",
  "stack": "Error: Route not found: GET /api/auth/verify\n    at file:///D:/projects/Merkeb-Erp/backend/server.js:219:17\n    at Layer.handleRequest (D:\\projects\\Merkeb-Erp\\backend\\node_modules\\router\\lib\\layer.js:152:17)\n    at trimPrefix (D:\\projects\\Merkeb-Erp\\backend\\node_modules\\router\\index.js:342:13)\n    at D:\\projects\\Merkeb-Erp\\backend\\node_modules\\router\\index.js:297:9\n    at processParams (D:\\projects\\Merkeb-Erp\\backend\\node_modules\\router\\index.js:582:12)\n    at next (D:\\projects\\Merkeb-Erp\\backend\\node_modules\\router\\index.js:291:5)\n    at authenticateToken (file:///D:/projects/Merkeb-Erp/backend/middleware/auth.js:16:5)\n    at Layer.handleRequest (D:\\projects\\Merkeb-Erp\\backend\\node_modules\\router\\lib\\layer.js:152:17)\n    at trimPrefix (D:\\projects\\Merkeb-Erp\\backend\\node_modules\\router\\index.js:342:13)\n    at D:\\projects\\Merkeb-Erp\\backend\\node_modules\\router\\index.js:297:9",
  "name": "Error",
  "code": "ROUTE_NOT_FOUND",
  "url": "/api/auth/verify",
  "method": "GET",
  "params": {},
  "query": {},
  "headers": {
    "host": "localhost:5000",
    "connection": "keep-alive",
    "sec-ch-ua-platform": "\"iOS\"",
    "authorization": "[REDACTED]",
    "user-agent": "Mozilla/5.0 (iPhone; CPU iPhone OS 18_5 like Mac OS X) AppleWebKit/605.1.15 (KHTML, like Gecko) Version/18.5 Mobile/15E148 Safari/604.1",
    "accept": "application/json, text/plain, */*",
    "sec-ch-ua": "\"Google Chrome\";v=\"147\", \"Not.A/Brand\";v=\"8\", \"Chromium\";v=\"147\"",
    "sec-ch-ua-mobile": "?1",
    "origin": "http://localhost:5173",
    "sec-fetch-site": "same-site",
    "sec-fetch-mode": "cors",
    "sec-fetch-dest": "empty",
    "referer": "http://localhost:5173/",
    "accept-encoding": "gzip, deflate, br, zstd",
    "accept-language": "en-US,en;q=0.9"
  },
  "ip": "::1"
}
---
{
  "timestamp": "2026-04-26T07:46:42.652Z",
  "message": "Route not found: GET /api/auth/verify",
  "stack": "Error: Route not found: GET /api/auth/verify\n    at file:///D:/projects/Merkeb-Erp/backend/server.js:219:17\n    at Layer.handleRequest (D:\\projects\\Merkeb-Erp\\backend\\node_modules\\router\\lib\\layer.js:152:17)\n    at trimPrefix (D:\\projects\\Merkeb-Erp\\backend\\node_modules\\router\\index.js:342:13)\n    at D:\\projects\\Merkeb-Erp\\backend\\node_modules\\router\\index.js:297:9\n    at processParams (D:\\projects\\Merkeb-Erp\\backend\\node_modules\\router\\index.js:582:12)\n    at next (D:\\projects\\Merkeb-Erp\\backend\\node_modules\\router\\index.js:291:5)\n    at authenticateToken (file:///D:/projects/Merkeb-Erp/backend/middleware/auth.js:16:5)\n    at Layer.handleRequest (D:\\projects\\Merkeb-Erp\\backend\\node_modules\\router\\lib\\layer.js:152:17)\n    at trimPrefix (D:\\projects\\Merkeb-Erp\\backend\\node_modules\\router\\index.js:342:13)\n    at D:\\projects\\Merkeb-Erp\\backend\\node_modules\\router\\index.js:297:9",
  "name": "Error",
  "code": "ROUTE_NOT_FOUND",
  "url": "/api/auth/verify",
  "method": "GET",
  "params": {},
  "query": {},
  "headers": {
    "host": "localhost:5000",
    "connection": "keep-alive",
    "sec-ch-ua-platform": "\"iOS\"",
    "authorization": "[REDACTED]",
    "user-agent": "Mozilla/5.0 (iPhone; CPU iPhone OS 18_5 like Mac OS X) AppleWebKit/605.1.15 (KHTML, like Gecko) Version/18.5 Mobile/15E148 Safari/604.1",
    "accept": "application/json, text/plain, */*",
    "sec-ch-ua": "\"Google Chrome\";v=\"147\", \"Not.A/Brand\";v=\"8\", \"Chromium\";v=\"147\"",
    "sec-ch-ua-mobile": "?1",
    "origin": "http://localhost:5173",
    "sec-fetch-site": "same-site",
    "sec-fetch-mode": "cors",
    "sec-fetch-dest": "empty",
    "referer": "http://localhost:5173/",
    "accept-encoding": "gzip, deflate, br, zstd",
    "accept-language": "en-US,en;q=0.9"
  },
  "ip": "::1"
}
---
{
  "timestamp": "2026-04-26T07:46:42.669Z",
  "message": "Route not found: GET /api/auth/verify",
  "stack": "Error: Route not found: GET /api/auth/verify\n    at file:///D:/projects/Merkeb-Erp/backend/server.js:219:17\n    at Layer.handleRequest (D:\\projects\\Merkeb-Erp\\backend\\node_modules\\router\\lib\\layer.js:152:17)\n    at trimPrefix (D:\\projects\\Merkeb-Erp\\backend\\node_modules\\router\\index.js:342:13)\n    at D:\\projects\\Merkeb-Erp\\backend\\node_modules\\router\\index.js:297:9\n    at processParams (D:\\projects\\Merkeb-Erp\\backend\\node_modules\\router\\index.js:582:12)\n    at next (D:\\projects\\Merkeb-Erp\\backend\\node_modules\\router\\index.js:291:5)\n    at authenticateToken (file:///D:/projects/Merkeb-Erp/backend/middleware/auth.js:16:5)\n    at Layer.handleRequest (D:\\projects\\Merkeb-Erp\\backend\\node_modules\\router\\lib\\layer.js:152:17)\n    at trimPrefix (D:\\projects\\Merkeb-Erp\\backend\\node_modules\\router\\index.js:342:13)\n    at D:\\projects\\Merkeb-Erp\\backend\\node_modules\\router\\index.js:297:9",
  "name": "Error",
  "code": "ROUTE_NOT_FOUND",
  "url": "/api/auth/verify",
  "method": "GET",
  "params": {},
  "query": {},
  "headers": {
    "host": "localhost:5000",
    "connection": "keep-alive",
    "sec-ch-ua-platform": "\"iOS\"",
    "authorization": "[REDACTED]",
    "user-agent": "Mozilla/5.0 (iPhone; CPU iPhone OS 18_5 like Mac OS X) AppleWebKit/605.1.15 (KHTML, like Gecko) Version/18.5 Mobile/15E148 Safari/604.1",
    "accept": "application/json, text/plain, */*",
    "sec-ch-ua": "\"Google Chrome\";v=\"147\", \"Not.A/Brand\";v=\"8\", \"Chromium\";v=\"147\"",
    "sec-ch-ua-mobile": "?1",
    "origin": "http://localhost:5173",
    "sec-fetch-site": "same-site",
    "sec-fetch-mode": "cors",
    "sec-fetch-dest": "empty",
    "referer": "http://localhost:5173/",
    "accept-encoding": "gzip, deflate, br, zstd",
    "accept-language": "en-US,en;q=0.9"
  },
  "ip": "::1"
}
---
{
  "timestamp": "2026-04-26T07:46:42.694Z",
  "message": "Route not found: GET /api/auth/verify",
  "stack": "Error: Route not found: GET /api/auth/verify\n    at file:///D:/projects/Merkeb-Erp/backend/server.js:219:17\n    at Layer.handleRequest (D:\\projects\\Merkeb-Erp\\backend\\node_modules\\router\\lib\\layer.js:152:17)\n    at trimPrefix (D:\\projects\\Merkeb-Erp\\backend\\node_modules\\router\\index.js:342:13)\n    at D:\\projects\\Merkeb-Erp\\backend\\node_modules\\router\\index.js:297:9\n    at processParams (D:\\projects\\Merkeb-Erp\\backend\\node_modules\\router\\index.js:582:12)\n    at next (D:\\projects\\Merkeb-Erp\\backend\\node_modules\\router\\index.js:291:5)\n    at authenticateToken (file:///D:/projects/Merkeb-Erp/backend/middleware/auth.js:16:5)\n    at Layer.handleRequest (D:\\projects\\Merkeb-Erp\\backend\\node_modules\\router\\lib\\layer.js:152:17)\n    at trimPrefix (D:\\projects\\Merkeb-Erp\\backend\\node_modules\\router\\index.js:342:13)\n    at D:\\projects\\Merkeb-Erp\\backend\\node_modules\\router\\index.js:297:9",
  "name": "Error",
  "code": "ROUTE_NOT_FOUND",
  "url": "/api/auth/verify",
  "method": "GET",
  "params": {},
  "query": {},
  "headers": {
    "host": "localhost:5000",
    "connection": "keep-alive",
    "sec-ch-ua-platform": "\"iOS\"",
    "authorization": "[REDACTED]",
    "user-agent": "Mozilla/5.0 (iPhone; CPU iPhone OS 18_5 like Mac OS X) AppleWebKit/605.1.15 (KHTML, like Gecko) Version/18.5 Mobile/15E148 Safari/604.1",
    "accept": "application/json, text/plain, */*",
    "sec-ch-ua": "\"Google Chrome\";v=\"147\", \"Not.A/Brand\";v=\"8\", \"Chromium\";v=\"147\"",
    "sec-ch-ua-mobile": "?1",
    "origin": "http://localhost:5173",
    "sec-fetch-site": "same-site",
    "sec-fetch-mode": "cors",
    "sec-fetch-dest": "empty",
    "referer": "http://localhost:5173/",
    "accept-encoding": "gzip, deflate, br, zstd",
    "accept-language": "en-US,en;q=0.9"
  },
  "ip": "::1"
}
---
{
  "timestamp": "2026-04-26T07:46:42.704Z",
  "message": "Route not found: GET /api/auth/verify",
  "stack": "Error: Route not found: GET /api/auth/verify\n    at file:///D:/projects/Merkeb-Erp/backend/server.js:219:17\n    at Layer.handleRequest (D:\\projects\\Merkeb-Erp\\backend\\node_modules\\router\\lib\\layer.js:152:17)\n    at trimPrefix (D:\\projects\\Merkeb-Erp\\backend\\node_modules\\router\\index.js:342:13)\n    at D:\\projects\\Merkeb-Erp\\backend\\node_modules\\router\\index.js:297:9\n    at processParams (D:\\projects\\Merkeb-Erp\\backend\\node_modules\\router\\index.js:582:12)\n    at next (D:\\projects\\Merkeb-Erp\\backend\\node_modules\\router\\index.js:291:5)\n    at authenticateToken (file:///D:/projects/Merkeb-Erp/backend/middleware/auth.js:16:5)\n    at Layer.handleRequest (D:\\projects\\Merkeb-Erp\\backend\\node_modules\\router\\lib\\layer.js:152:17)\n    at trimPrefix (D:\\projects\\Merkeb-Erp\\backend\\node_modules\\router\\index.js:342:13)\n    at D:\\projects\\Merkeb-Erp\\backend\\node_modules\\router\\index.js:297:9",
  "name": "Error",
  "code": "ROUTE_NOT_FOUND",
  "url": "/api/auth/verify",
  "method": "GET",
  "params": {},
  "query": {},
  "headers": {
    "host": "localhost:5000",
    "connection": "keep-alive",
    "sec-ch-ua-platform": "\"iOS\"",
    "authorization": "[REDACTED]",
    "user-agent": "Mozilla/5.0 (iPhone; CPU iPhone OS 18_5 like Mac OS X) AppleWebKit/605.1.15 (KHTML, like Gecko) Version/18.5 Mobile/15E148 Safari/604.1",
    "accept": "application/json, text/plain, */*",
    "sec-ch-ua": "\"Google Chrome\";v=\"147\", \"Not.A/Brand\";v=\"8\", \"Chromium\";v=\"147\"",
    "sec-ch-ua-mobile": "?1",
    "origin": "http://localhost:5173",
    "sec-fetch-site": "same-site",
    "sec-fetch-mode": "cors",
    "sec-fetch-dest": "empty",
    "referer": "http://localhost:5173/",
    "accept-encoding": "gzip, deflate, br, zstd",
    "accept-language": "en-US,en;q=0.9"
  },
  "ip": "::1"
}
---
{
  "timestamp": "2026-04-26T14:50:45.068Z",
  "message": "Route not found: GET /api/api/reports/monthly?month=4&year=2026",
  "stack": "Error: Route not found: GET /api/api/reports/monthly?month=4&year=2026\n    at file:///D:/projects/Merkeb-Erp/backend/server.js:221:17\n    at Layer.handleRequest (D:\\projects\\Merkeb-Erp\\backend\\node_modules\\router\\lib\\layer.js:152:17)\n    at trimPrefix (D:\\projects\\Merkeb-Erp\\backend\\node_modules\\router\\index.js:342:13)\n    at D:\\projects\\Merkeb-Erp\\backend\\node_modules\\router\\index.js:297:9\n    at processParams (D:\\projects\\Merkeb-Erp\\backend\\node_modules\\router\\index.js:582:12)\n    at next (D:\\projects\\Merkeb-Erp\\backend\\node_modules\\router\\index.js:291:5)\n    at authenticateToken (file:///D:/projects/Merkeb-Erp/backend/middleware/auth.js:16:5)\n    at Layer.handleRequest (D:\\projects\\Merkeb-Erp\\backend\\node_modules\\router\\lib\\layer.js:152:17)\n    at trimPrefix (D:\\projects\\Merkeb-Erp\\backend\\node_modules\\router\\index.js:342:13)\n    at D:\\projects\\Merkeb-Erp\\backend\\node_modules\\router\\index.js:297:9\n    at processParams (D:\\projects\\Merkeb-Erp\\backend\\node_modules\\router\\index.js:582:12)\n    at next (D:\\projects\\Merkeb-Erp\\backend\\node_modules\\router\\index.js:291:5)\n    at read (D:\\projects\\Merkeb-Erp\\backend\\node_modules\\body-parser\\lib\\read.js:53:5)\n    at urlencodedParser (D:\\projects\\Merkeb-Erp\\backend\\node_modules\\body-parser\\lib\\types\\urlencoded.js:57:5)\n    at Layer.handleRequest (D:\\projects\\Merkeb-Erp\\backend\\node_modules\\router\\lib\\layer.js:152:17)\n    at trimPrefix (D:\\projects\\Merkeb-Erp\\backend\\node_modules\\router\\index.js:342:13)",
  "name": "Error",
  "code": "ROUTE_NOT_FOUND",
  "url": "/api/api/reports/monthly?month=4&year=2026",
  "method": "GET",
  "params": {},
  "query": {
    "month": "4",
    "year": "2026"
  },
  "headers": {
    "host": "localhost:5000",
    "connection": "keep-alive",
    "sec-ch-ua-platform": "\"iOS\"",
    "authorization": "[REDACTED]",
    "user-agent": "Mozilla/5.0 (iPhone; CPU iPhone OS 18_5 like Mac OS X) AppleWebKit/605.1.15 (KHTML, like Gecko) Version/18.5 Mobile/15E148 Safari/604.1",
    "accept": "application/json, text/plain, */*",
    "sec-ch-ua": "\"Google Chrome\";v=\"147\", \"Not.A/Brand\";v=\"8\", \"Chromium\";v=\"147\"",
    "sec-ch-ua-mobile": "?1",
    "origin": "http://localhost:5173",
    "sec-fetch-site": "same-site",
    "sec-fetch-mode": "cors",
    "sec-fetch-dest": "empty",
    "referer": "http://localhost:5173/",
    "accept-encoding": "gzip, deflate, br, zstd",
    "accept-language": "en-US,en;q=0.9"
  },
  "ip": "::1"
}
---
{
  "timestamp": "2026-04-26T14:50:45.181Z",
  "message": "Route not found: GET /api/api/reports/monthly?month=4&year=2026",
  "stack": "Error: Route not found: GET /api/api/reports/monthly?month=4&year=2026\n    at file:///D:/projects/Merkeb-Erp/backend/server.js:221:17\n    at Layer.handleRequest (D:\\projects\\Merkeb-Erp\\backend\\node_modules\\router\\lib\\layer.js:152:17)\n    at trimPrefix (D:\\projects\\Merkeb-Erp\\backend\\node_modules\\router\\index.js:342:13)\n    at D:\\projects\\Merkeb-Erp\\backend\\node_modules\\router\\index.js:297:9\n    at processParams (D:\\projects\\Merkeb-Erp\\backend\\node_modules\\router\\index.js:582:12)\n    at next (D:\\projects\\Merkeb-Erp\\backend\\node_modules\\router\\index.js:291:5)\n    at authenticateToken (file:///D:/projects/Merkeb-Erp/backend/middleware/auth.js:16:5)\n    at Layer.handleRequest (D:\\projects\\Merkeb-Erp\\backend\\node_modules\\router\\lib\\layer.js:152:17)\n    at trimPrefix (D:\\projects\\Merkeb-Erp\\backend\\node_modules\\router\\index.js:342:13)\n    at D:\\projects\\Merkeb-Erp\\backend\\node_modules\\router\\index.js:297:9\n    at processParams (D:\\projects\\Merkeb-Erp\\backend\\node_modules\\router\\index.js:582:12)\n    at next (D:\\projects\\Merkeb-Erp\\backend\\node_modules\\router\\index.js:291:5)\n    at read (D:\\projects\\Merkeb-Erp\\backend\\node_modules\\body-parser\\lib\\read.js:53:5)\n    at urlencodedParser (D:\\projects\\Merkeb-Erp\\backend\\node_modules\\body-parser\\lib\\types\\urlencoded.js:57:5)\n    at Layer.handleRequest (D:\\projects\\Merkeb-Erp\\backend\\node_modules\\router\\lib\\layer.js:152:17)\n    at trimPrefix (D:\\projects\\Merkeb-Erp\\backend\\node_modules\\router\\index.js:342:13)",
  "name": "Error",
  "code": "ROUTE_NOT_FOUND",
  "url": "/api/api/reports/monthly?month=4&year=2026",
  "method": "GET",
  "params": {},
  "query": {
    "month": "4",
    "year": "2026"
  },
  "headers": {
    "host": "localhost:5000",
    "connection": "keep-alive",
    "sec-ch-ua-platform": "\"iOS\"",
    "authorization": "[REDACTED]",
    "user-agent": "Mozilla/5.0 (iPhone; CPU iPhone OS 18_5 like Mac OS X) AppleWebKit/605.1.15 (KHTML, like Gecko) Version/18.5 Mobile/15E148 Safari/604.1",
    "accept": "application/json, text/plain, */*",
    "sec-ch-ua": "\"Google Chrome\";v=\"147\", \"Not.A/Brand\";v=\"8\", \"Chromium\";v=\"147\"",
    "sec-ch-ua-mobile": "?1",
    "origin": "http://localhost:5173",
    "sec-fetch-site": "same-site",
    "sec-fetch-mode": "cors",
    "sec-fetch-dest": "empty",
    "referer": "http://localhost:5173/",
    "accept-encoding": "gzip, deflate, br, zstd",
    "accept-language": "en-US,en;q=0.9"
  },
  "ip": "::1"
}
---
{
  "timestamp": "2026-04-26T14:56:51.608Z",
  "message": "Route not found: GET /api/api/reports/monthly?month=4&year=2026",
  "stack": "Error: Route not found: GET /api/api/reports/monthly?month=4&year=2026\n    at file:///D:/projects/Merkeb-Erp/backend/server.js:221:17\n    at Layer.handleRequest (D:\\projects\\Merkeb-Erp\\backend\\node_modules\\router\\lib\\layer.js:152:17)\n    at trimPrefix (D:\\projects\\Merkeb-Erp\\backend\\node_modules\\router\\index.js:342:13)\n    at D:\\projects\\Merkeb-Erp\\backend\\node_modules\\router\\index.js:297:9\n    at processParams (D:\\projects\\Merkeb-Erp\\backend\\node_modules\\router\\index.js:582:12)\n    at next (D:\\projects\\Merkeb-Erp\\backend\\node_modules\\router\\index.js:291:5)\n    at authenticateToken (file:///D:/projects/Merkeb-Erp/backend/middleware/auth.js:16:5)\n    at Layer.handleRequest (D:\\projects\\Merkeb-Erp\\backend\\node_modules\\router\\lib\\layer.js:152:17)\n    at trimPrefix (D:\\projects\\Merkeb-Erp\\backend\\node_modules\\router\\index.js:342:13)\n    at D:\\projects\\Merkeb-Erp\\backend\\node_modules\\router\\index.js:297:9\n    at processParams (D:\\projects\\Merkeb-Erp\\backend\\node_modules\\router\\index.js:582:12)\n    at next (D:\\projects\\Merkeb-Erp\\backend\\node_modules\\router\\index.js:291:5)\n    at read (D:\\projects\\Merkeb-Erp\\backend\\node_modules\\body-parser\\lib\\read.js:53:5)\n    at urlencodedParser (D:\\projects\\Merkeb-Erp\\backend\\node_modules\\body-parser\\lib\\types\\urlencoded.js:57:5)\n    at Layer.handleRequest (D:\\projects\\Merkeb-Erp\\backend\\node_modules\\router\\lib\\layer.js:152:17)\n    at trimPrefix (D:\\projects\\Merkeb-Erp\\backend\\node_modules\\router\\index.js:342:13)",
  "name": "Error",
  "code": "ROUTE_NOT_FOUND",
  "url": "/api/api/reports/monthly?month=4&year=2026",
  "method": "GET",
  "params": {},
  "query": {
    "month": "4",
    "year": "2026"
  },
  "headers": {
    "host": "localhost:5000",
    "connection": "keep-alive",
    "sec-ch-ua-platform": "\"iOS\"",
    "authorization": "[REDACTED]",
    "user-agent": "Mozilla/5.0 (iPhone; CPU iPhone OS 18_5 like Mac OS X) AppleWebKit/605.1.15 (KHTML, like Gecko) Version/18.5 Mobile/15E148 Safari/604.1",
    "accept": "application/json, text/plain, */*",
    "sec-ch-ua": "\"Google Chrome\";v=\"147\", \"Not.A/Brand\";v=\"8\", \"Chromium\";v=\"147\"",
    "sec-ch-ua-mobile": "?1",
    "origin": "http://localhost:5173",
    "sec-fetch-site": "same-site",
    "sec-fetch-mode": "cors",
    "sec-fetch-dest": "empty",
    "referer": "http://localhost:5173/",
    "accept-encoding": "gzip, deflate, br, zstd",
    "accept-language": "en-US,en;q=0.9"
  },
  "ip": "::1"
}
---
{
  "timestamp": "2026-04-26T14:56:51.647Z",
  "message": "Route not found: GET /api/api/reports/monthly?month=4&year=2026",
  "stack": "Error: Route not found: GET /api/api/reports/monthly?month=4&year=2026\n    at file:///D:/projects/Merkeb-Erp/backend/server.js:221:17\n    at Layer.handleRequest (D:\\projects\\Merkeb-Erp\\backend\\node_modules\\router\\lib\\layer.js:152:17)\n    at trimPrefix (D:\\projects\\Merkeb-Erp\\backend\\node_modules\\router\\index.js:342:13)\n    at D:\\projects\\Merkeb-Erp\\backend\\node_modules\\router\\index.js:297:9\n    at processParams (D:\\projects\\Merkeb-Erp\\backend\\node_modules\\router\\index.js:582:12)\n    at next (D:\\projects\\Merkeb-Erp\\backend\\node_modules\\router\\index.js:291:5)\n    at authenticateToken (file:///D:/projects/Merkeb-Erp/backend/middleware/auth.js:16:5)\n    at Layer.handleRequest (D:\\projects\\Merkeb-Erp\\backend\\node_modules\\router\\lib\\layer.js:152:17)\n    at trimPrefix (D:\\projects\\Merkeb-Erp\\backend\\node_modules\\router\\index.js:342:13)\n    at D:\\projects\\Merkeb-Erp\\backend\\node_modules\\router\\index.js:297:9\n    at processParams (D:\\projects\\Merkeb-Erp\\backend\\node_modules\\router\\index.js:582:12)\n    at next (D:\\projects\\Merkeb-Erp\\backend\\node_modules\\router\\index.js:291:5)\n    at read (D:\\projects\\Merkeb-Erp\\backend\\node_modules\\body-parser\\lib\\read.js:53:5)\n    at urlencodedParser (D:\\projects\\Merkeb-Erp\\backend\\node_modules\\body-parser\\lib\\types\\urlencoded.js:57:5)\n    at Layer.handleRequest (D:\\projects\\Merkeb-Erp\\backend\\node_modules\\router\\lib\\layer.js:152:17)\n    at trimPrefix (D:\\projects\\Merkeb-Erp\\backend\\node_modules\\router\\index.js:342:13)",
  "name": "Error",
  "code": "ROUTE_NOT_FOUND",
  "url": "/api/api/reports/monthly?month=4&year=2026",
  "method": "GET",
  "params": {},
  "query": {
    "month": "4",
    "year": "2026"
  },
  "headers": {
    "host": "localhost:5000",
    "connection": "keep-alive",
    "sec-ch-ua-platform": "\"iOS\"",
    "authorization": "[REDACTED]",
    "user-agent": "Mozilla/5.0 (iPhone; CPU iPhone OS 18_5 like Mac OS X) AppleWebKit/605.1.15 (KHTML, like Gecko) Version/18.5 Mobile/15E148 Safari/604.1",
    "accept": "application/json, text/plain, */*",
    "sec-ch-ua": "\"Google Chrome\";v=\"147\", \"Not.A/Brand\";v=\"8\", \"Chromium\";v=\"147\"",
    "sec-ch-ua-mobile": "?1",
    "origin": "http://localhost:5173",
    "sec-fetch-site": "same-site",
    "sec-fetch-mode": "cors",
    "sec-fetch-dest": "empty",
    "referer": "http://localhost:5173/",
    "accept-encoding": "gzip, deflate, br, zstd",
    "accept-language": "en-US,en;q=0.9"
  },
  "ip": "::1"
}
---
{
  "timestamp": "2026-04-26T15:00:46.437Z",
  "message": "Route not found: GET /api/api/reports/monthly?month=4&year=2026",
  "stack": "Error: Route not found: GET /api/api/reports/monthly?month=4&year=2026\n    at file:///D:/projects/Merkeb-Erp/backend/server.js:221:17\n    at Layer.handleRequest (D:\\projects\\Merkeb-Erp\\backend\\node_modules\\router\\lib\\layer.js:152:17)\n    at trimPrefix (D:\\projects\\Merkeb-Erp\\backend\\node_modules\\router\\index.js:342:13)\n    at D:\\projects\\Merkeb-Erp\\backend\\node_modules\\router\\index.js:297:9\n    at processParams (D:\\projects\\Merkeb-Erp\\backend\\node_modules\\router\\index.js:582:12)\n    at next (D:\\projects\\Merkeb-Erp\\backend\\node_modules\\router\\index.js:291:5)\n    at authenticateToken (file:///D:/projects/Merkeb-Erp/backend/middleware/auth.js:16:5)\n    at Layer.handleRequest (D:\\projects\\Merkeb-Erp\\backend\\node_modules\\router\\lib\\layer.js:152:17)\n    at trimPrefix (D:\\projects\\Merkeb-Erp\\backend\\node_modules\\router\\index.js:342:13)\n    at D:\\projects\\Merkeb-Erp\\backend\\node_modules\\router\\index.js:297:9\n    at processParams (D:\\projects\\Merkeb-Erp\\backend\\node_modules\\router\\index.js:582:12)\n    at next (D:\\projects\\Merkeb-Erp\\backend\\node_modules\\router\\index.js:291:5)\n    at read (D:\\projects\\Merkeb-Erp\\backend\\node_modules\\body-parser\\lib\\read.js:53:5)\n    at urlencodedParser (D:\\projects\\Merkeb-Erp\\backend\\node_modules\\body-parser\\lib\\types\\urlencoded.js:57:5)\n    at Layer.handleRequest (D:\\projects\\Merkeb-Erp\\backend\\node_modules\\router\\lib\\layer.js:152:17)\n    at trimPrefix (D:\\projects\\Merkeb-Erp\\backend\\node_modules\\router\\index.js:342:13)",
  "name": "Error",
  "code": "ROUTE_NOT_FOUND",
  "url": "/api/api/reports/monthly?month=4&year=2026",
  "method": "GET",
  "params": {},
  "query": {
    "month": "4",
    "year": "2026"
  },
  "headers": {
    "host": "localhost:5000",
    "connection": "keep-alive",
    "sec-ch-ua-platform": "\"iOS\"",
    "authorization": "[REDACTED]",
    "user-agent": "Mozilla/5.0 (iPhone; CPU iPhone OS 18_5 like Mac OS X) AppleWebKit/605.1.15 (KHTML, like Gecko) Version/18.5 Mobile/15E148 Safari/604.1",
    "accept": "application/json, text/plain, */*",
    "sec-ch-ua": "\"Google Chrome\";v=\"147\", \"Not.A/Brand\";v=\"8\", \"Chromium\";v=\"147\"",
    "sec-ch-ua-mobile": "?1",
    "origin": "http://localhost:5173",
    "sec-fetch-site": "same-site",
    "sec-fetch-mode": "cors",
    "sec-fetch-dest": "empty",
    "referer": "http://localhost:5173/",
    "accept-encoding": "gzip, deflate, br, zstd",
    "accept-language": "en-US,en;q=0.9"
  },
  "ip": "::1"
}
---
{
  "timestamp": "2026-04-26T15:00:46.548Z",
  "message": "Route not found: GET /api/api/reports/monthly?month=4&year=2026",
  "stack": "Error: Route not found: GET /api/api/reports/monthly?month=4&year=2026\n    at file:///D:/projects/Merkeb-Erp/backend/server.js:221:17\n    at Layer.handleRequest (D:\\projects\\Merkeb-Erp\\backend\\node_modules\\router\\lib\\layer.js:152:17)\n    at trimPrefix (D:\\projects\\Merkeb-Erp\\backend\\node_modules\\router\\index.js:342:13)\n    at D:\\projects\\Merkeb-Erp\\backend\\node_modules\\router\\index.js:297:9\n    at processParams (D:\\projects\\Merkeb-Erp\\backend\\node_modules\\router\\index.js:582:12)\n    at next (D:\\projects\\Merkeb-Erp\\backend\\node_modules\\router\\index.js:291:5)\n    at authenticateToken (file:///D:/projects/Merkeb-Erp/backend/middleware/auth.js:16:5)\n    at Layer.handleRequest (D:\\projects\\Merkeb-Erp\\backend\\node_modules\\router\\lib\\layer.js:152:17)\n    at trimPrefix (D:\\projects\\Merkeb-Erp\\backend\\node_modules\\router\\index.js:342:13)\n    at D:\\projects\\Merkeb-Erp\\backend\\node_modules\\router\\index.js:297:9\n    at processParams (D:\\projects\\Merkeb-Erp\\backend\\node_modules\\router\\index.js:582:12)\n    at next (D:\\projects\\Merkeb-Erp\\backend\\node_modules\\router\\index.js:291:5)\n    at read (D:\\projects\\Merkeb-Erp\\backend\\node_modules\\body-parser\\lib\\read.js:53:5)\n    at urlencodedParser (D:\\projects\\Merkeb-Erp\\backend\\node_modules\\body-parser\\lib\\types\\urlencoded.js:57:5)\n    at Layer.handleRequest (D:\\projects\\Merkeb-Erp\\backend\\node_modules\\router\\lib\\layer.js:152:17)\n    at trimPrefix (D:\\projects\\Merkeb-Erp\\backend\\node_modules\\router\\index.js:342:13)",
  "name": "Error",
  "code": "ROUTE_NOT_FOUND",
  "url": "/api/api/reports/monthly?month=4&year=2026",
  "method": "GET",
  "params": {},
  "query": {
    "month": "4",
    "year": "2026"
  },
  "headers": {
    "host": "localhost:5000",
    "connection": "keep-alive",
    "sec-ch-ua-platform": "\"iOS\"",
    "authorization": "[REDACTED]",
    "user-agent": "Mozilla/5.0 (iPhone; CPU iPhone OS 18_5 like Mac OS X) AppleWebKit/605.1.15 (KHTML, like Gecko) Version/18.5 Mobile/15E148 Safari/604.1",
    "accept": "application/json, text/plain, */*",
    "sec-ch-ua": "\"Google Chrome\";v=\"147\", \"Not.A/Brand\";v=\"8\", \"Chromium\";v=\"147\"",
    "sec-ch-ua-mobile": "?1",
    "origin": "http://localhost:5173",
    "sec-fetch-site": "same-site",
    "sec-fetch-mode": "cors",
    "sec-fetch-dest": "empty",
    "referer": "http://localhost:5173/",
    "accept-encoding": "gzip, deflate, br, zstd",
    "accept-language": "en-US,en;q=0.9"
  },
  "ip": "::1"
}
---
{
  "timestamp": "2026-04-26T15:02:47.747Z",
  "message": "Route not found: GET /api/api/reports/monthly?month=4&year=2026",
  "stack": "Error: Route not found: GET /api/api/reports/monthly?month=4&year=2026\n    at file:///D:/projects/Merkeb-Erp/backend/server.js:221:17\n    at Layer.handleRequest (D:\\projects\\Merkeb-Erp\\backend\\node_modules\\router\\lib\\layer.js:152:17)\n    at trimPrefix (D:\\projects\\Merkeb-Erp\\backend\\node_modules\\router\\index.js:342:13)\n    at D:\\projects\\Merkeb-Erp\\backend\\node_modules\\router\\index.js:297:9\n    at processParams (D:\\projects\\Merkeb-Erp\\backend\\node_modules\\router\\index.js:582:12)\n    at next (D:\\projects\\Merkeb-Erp\\backend\\node_modules\\router\\index.js:291:5)\n    at authenticateToken (file:///D:/projects/Merkeb-Erp/backend/middleware/auth.js:16:5)\n    at Layer.handleRequest (D:\\projects\\Merkeb-Erp\\backend\\node_modules\\router\\lib\\layer.js:152:17)\n    at trimPrefix (D:\\projects\\Merkeb-Erp\\backend\\node_modules\\router\\index.js:342:13)\n    at D:\\projects\\Merkeb-Erp\\backend\\node_modules\\router\\index.js:297:9\n    at processParams (D:\\projects\\Merkeb-Erp\\backend\\node_modules\\router\\index.js:582:12)\n    at next (D:\\projects\\Merkeb-Erp\\backend\\node_modules\\router\\index.js:291:5)\n    at read (D:\\projects\\Merkeb-Erp\\backend\\node_modules\\body-parser\\lib\\read.js:53:5)\n    at urlencodedParser (D:\\projects\\Merkeb-Erp\\backend\\node_modules\\body-parser\\lib\\types\\urlencoded.js:57:5)\n    at Layer.handleRequest (D:\\projects\\Merkeb-Erp\\backend\\node_modules\\router\\lib\\layer.js:152:17)\n    at trimPrefix (D:\\projects\\Merkeb-Erp\\backend\\node_modules\\router\\index.js:342:13)",
  "name": "Error",
  "code": "ROUTE_NOT_FOUND",
  "url": "/api/api/reports/monthly?month=4&year=2026",
  "method": "GET",
  "params": {},
  "query": {
    "month": "4",
    "year": "2026"
  },
  "headers": {
    "host": "localhost:5000",
    "connection": "keep-alive",
    "sec-ch-ua-platform": "\"iOS\"",
    "authorization": "[REDACTED]",
    "user-agent": "Mozilla/5.0 (iPhone; CPU iPhone OS 18_5 like Mac OS X) AppleWebKit/605.1.15 (KHTML, like Gecko) Version/18.5 Mobile/15E148 Safari/604.1",
    "accept": "application/json, text/plain, */*",
    "sec-ch-ua": "\"Google Chrome\";v=\"147\", \"Not.A/Brand\";v=\"8\", \"Chromium\";v=\"147\"",
    "sec-ch-ua-mobile": "?1",
    "origin": "http://localhost:5173",
    "sec-fetch-site": "same-site",
    "sec-fetch-mode": "cors",
    "sec-fetch-dest": "empty",
    "referer": "http://localhost:5173/",
    "accept-encoding": "gzip, deflate, br, zstd",
    "accept-language": "en-US,en;q=0.9"
  },
  "ip": "::1"
}
---
{
  "timestamp": "2026-04-26T15:02:47.925Z",
  "message": "Route not found: GET /api/api/reports/monthly?month=4&year=2026",
  "stack": "Error: Route not found: GET /api/api/reports/monthly?month=4&year=2026\n    at file:///D:/projects/Merkeb-Erp/backend/server.js:221:17\n    at Layer.handleRequest (D:\\projects\\Merkeb-Erp\\backend\\node_modules\\router\\lib\\layer.js:152:17)\n    at trimPrefix (D:\\projects\\Merkeb-Erp\\backend\\node_modules\\router\\index.js:342:13)\n    at D:\\projects\\Merkeb-Erp\\backend\\node_modules\\router\\index.js:297:9\n    at processParams (D:\\projects\\Merkeb-Erp\\backend\\node_modules\\router\\index.js:582:12)\n    at next (D:\\projects\\Merkeb-Erp\\backend\\node_modules\\router\\index.js:291:5)\n    at authenticateToken (file:///D:/projects/Merkeb-Erp/backend/middleware/auth.js:16:5)\n    at Layer.handleRequest (D:\\projects\\Merkeb-Erp\\backend\\node_modules\\router\\lib\\layer.js:152:17)\n    at trimPrefix (D:\\projects\\Merkeb-Erp\\backend\\node_modules\\router\\index.js:342:13)\n    at D:\\projects\\Merkeb-Erp\\backend\\node_modules\\router\\index.js:297:9\n    at processParams (D:\\projects\\Merkeb-Erp\\backend\\node_modules\\router\\index.js:582:12)\n    at next (D:\\projects\\Merkeb-Erp\\backend\\node_modules\\router\\index.js:291:5)\n    at read (D:\\projects\\Merkeb-Erp\\backend\\node_modules\\body-parser\\lib\\read.js:53:5)\n    at urlencodedParser (D:\\projects\\Merkeb-Erp\\backend\\node_modules\\body-parser\\lib\\types\\urlencoded.js:57:5)\n    at Layer.handleRequest (D:\\projects\\Merkeb-Erp\\backend\\node_modules\\router\\lib\\layer.js:152:17)\n    at trimPrefix (D:\\projects\\Merkeb-Erp\\backend\\node_modules\\router\\index.js:342:13)",
  "name": "Error",
  "code": "ROUTE_NOT_FOUND",
  "url": "/api/api/reports/monthly?month=4&year=2026",
  "method": "GET",
  "params": {},
  "query": {
    "month": "4",
    "year": "2026"
  },
  "headers": {
    "host": "localhost:5000",
    "connection": "keep-alive",
    "sec-ch-ua-platform": "\"iOS\"",
    "authorization": "[REDACTED]",
    "user-agent": "Mozilla/5.0 (iPhone; CPU iPhone OS 18_5 like Mac OS X) AppleWebKit/605.1.15 (KHTML, like Gecko) Version/18.5 Mobile/15E148 Safari/604.1",
    "accept": "application/json, text/plain, */*",
    "sec-ch-ua": "\"Google Chrome\";v=\"147\", \"Not.A/Brand\";v=\"8\", \"Chromium\";v=\"147\"",
    "sec-ch-ua-mobile": "?1",
    "origin": "http://localhost:5173",
    "sec-fetch-site": "same-site",
    "sec-fetch-mode": "cors",
    "sec-fetch-dest": "empty",
    "referer": "http://localhost:5173/",
    "accept-encoding": "gzip, deflate, br, zstd",
    "accept-language": "en-US,en;q=0.9"
  },
  "ip": "::1"
}
---
