{
  "timestamp": "2026-04-17T06:21:21.768Z",
  "message": "Route not found: DELETE /api/products/69dbf789a02f0c4bda819bf0",
  "stack": "Error: Route not found: DELETE /api/products/69dbf789a02f0c4bda819bf0\n    at file:///D:/Projects/Merkeb_erp/backend/server.js:155:17\n    at Layer.handleRequest (D:\\Projects\\Merkeb_erp\\backend\\node_modules\\router\\lib\\layer.js:152:17)\n    at trimPrefix (D:\\Projects\\Merkeb_erp\\backend\\node_modules\\router\\index.js:342:13)\n    at D:\\Projects\\Merkeb_erp\\backend\\node_modules\\router\\index.js:297:9\n    at processParams (D:\\Projects\\Merkeb_erp\\backend\\node_modules\\router\\index.js:582:12)\n    at next (D:\\Projects\\Merkeb_erp\\backend\\node_modules\\router\\index.js:291:5)\n    at D:\\Projects\\Merkeb_erp\\backend\\node_modules\\router\\index.js:688:15\n    at next (D:\\Projects\\Merkeb_erp\\backend\\node_modules\\router\\index.js:276:14)\n    at Function.handle (D:\\Projects\\Merkeb_erp\\backend\\node_modules\\router\\index.js:186:3)\n    at router (D:\\Projects\\Merkeb_erp\\backend\\node_modules\\router\\index.js:60:12)",
  "name": "Error",
  "code": "ROUTE_NOT_FOUND",
  "url": "/api/products/69dbf789a02f0c4bda819bf0",
  "method": "DELETE",
  "params": {},
  "query": {},
  "headers": {
    "host": "localhost:5000",
    "connection": "keep-alive",
    "sec-ch-ua-platform": "\"Windows\"",
    "user-agent": "Mozilla/5.0 (Windows NT 10.0; Win64; x64) AppleWebKit/537.36 (KHTML, like Gecko) Chrome/146.0.0.0 Safari/537.36",
    "accept": "application/json, text/plain, */*",
    "sec-ch-ua": "\"Chromium\";v=\"146\", \"Not-A.Brand\";v=\"24\", \"Google Chrome\";v=\"146\"",
    "sec-ch-ua-mobile": "?0",
    "origin": "http://localhost:5173",
    "sec-fetch-site": "same-site",
    "sec-fetch-mode": "cors",
    "sec-fetch-dest": "empty",
    "referer": "http://localhost:5173/",
    "accept-encoding": "gzip, deflate, br, zstd",
    "accept-language": "en-US,en;q=0.9,am;q=0.8"
  },
  "ip": "::1"
}
---
{
  "timestamp": "2026-04-17T06:21:21.774Z",
  "message": "Route not found: DELETE /api/products/69dbf789a02f0c4bda819bf0",
  "stack": "Error: Route not found: DELETE /api/products/69dbf789a02f0c4bda819bf0\n    at file:///D:/Projects/Merkeb_erp/backend/server.js:155:17\n    at Layer.handleRequest (D:\\Projects\\Merkeb_erp\\backend\\node_modules\\router\\lib\\layer.js:152:17)\n    at trimPrefix (D:\\Projects\\Merkeb_erp\\backend\\node_modules\\router\\index.js:342:13)\n    at D:\\Projects\\Merkeb_erp\\backend\\node_modules\\router\\index.js:297:9\n    at processParams (D:\\Projects\\Merkeb_erp\\backend\\node_modules\\router\\index.js:582:12)\n    at next (D:\\Projects\\Merkeb_erp\\backend\\node_modules\\router\\index.js:291:5)\n    at D:\\Projects\\Merkeb_erp\\backend\\node_modules\\router\\index.js:688:15\n    at next (D:\\Projects\\Merkeb_erp\\backend\\node_modules\\router\\index.js:276:14)\n    at Function.handle (D:\\Projects\\Merkeb_erp\\backend\\node_modules\\router\\index.js:186:3)\n    at router (D:\\Projects\\Merkeb_erp\\backend\\node_modules\\router\\index.js:60:12)",
  "name": "Error",
  "code": "ROUTE_NOT_FOUND",
  "url": "/api/products/69dbf789a02f0c4bda819bf0",
  "method": "DELETE",
  "params": {},
  "query": {},
  "headers": {
    "host": "localhost:5000",
    "connection": "keep-alive",
    "sec-ch-ua-platform": "\"Windows\"",
    "user-agent": "Mozilla/5.0 (Windows NT 10.0; Win64; x64) AppleWebKit/537.36 (KHTML, like Gecko) Chrome/146.0.0.0 Safari/537.36",
    "accept": "application/json, text/plain, */*",
    "sec-ch-ua": "\"Chromium\";v=\"146\", \"Not-A.Brand\";v=\"24\", \"Google Chrome\";v=\"146\"",
    "sec-ch-ua-mobile": "?0",
    "origin": "http://localhost:5173",
    "sec-fetch-site": "same-site",
    "sec-fetch-mode": "cors",
    "sec-fetch-dest": "empty",
    "referer": "http://localhost:5173/",
    "accept-encoding": "gzip, deflate, br, zstd",
    "accept-language": "en-US,en;q=0.9,am;q=0.8"
  },
  "ip": "::1"
}
---
{
  "timestamp": "2026-04-17T06:21:40.405Z",
  "message": "Route not found: DELETE /api/products/69dc9b071a044dad4b473b6e",
  "stack": "Error: Route not found: DELETE /api/products/69dc9b071a044dad4b473b6e\n    at file:///D:/Projects/Merkeb_erp/backend/server.js:155:17\n    at Layer.handleRequest (D:\\Projects\\Merkeb_erp\\backend\\node_modules\\router\\lib\\layer.js:152:17)\n    at trimPrefix (D:\\Projects\\Merkeb_erp\\backend\\node_modules\\router\\index.js:342:13)\n    at D:\\Projects\\Merkeb_erp\\backend\\node_modules\\router\\index.js:297:9\n    at processParams (D:\\Projects\\Merkeb_erp\\backend\\node_modules\\router\\index.js:582:12)\n    at next (D:\\Projects\\Merkeb_erp\\backend\\node_modules\\router\\index.js:291:5)\n    at D:\\Projects\\Merkeb_erp\\backend\\node_modules\\router\\index.js:688:15\n    at next (D:\\Projects\\Merkeb_erp\\backend\\node_modules\\router\\index.js:276:14)\n    at Function.handle (D:\\Projects\\Merkeb_erp\\backend\\node_modules\\router\\index.js:186:3)\n    at router (D:\\Projects\\Merkeb_erp\\backend\\node_modules\\router\\index.js:60:12)",
  "name": "Error",
  "code": "ROUTE_NOT_FOUND",
  "url": "/api/products/69dc9b071a044dad4b473b6e",
  "method": "DELETE",
  "params": {},
  "query": {},
  "headers": {
    "host": "localhost:5000",
    "connection": "keep-alive",
    "sec-ch-ua-platform": "\"iOS\"",
    "user-agent": "Mozilla/5.0 (iPhone; CPU iPhone OS 18_5 like Mac OS X) AppleWebKit/605.1.15 (KHTML, like Gecko) Version/18.5 Mobile/15E148 Safari/604.1",
    "accept": "application/json, text/plain, */*",
    "sec-ch-ua": "\"Chromium\";v=\"146\", \"Not-A.Brand\";v=\"24\", \"Google Chrome\";v=\"146\"",
    "sec-ch-ua-mobile": "?1",
    "origin": "http://localhost:5173",
    "sec-fetch-site": "same-site",
    "sec-fetch-mode": "cors",
    "sec-fetch-dest": "empty",
    "referer": "http://localhost:5173/",
    "accept-encoding": "gzip, deflate, br, zstd",
    "accept-language": "en-US,en;q=0.9,am;q=0.8"
  },
  "ip": "::1"
}
---
{
  "timestamp": "2026-04-17T06:21:40.411Z",
  "message": "Route not found: DELETE /api/products/69dc9b071a044dad4b473b6e",
  "stack": "Error: Route not found: DELETE /api/products/69dc9b071a044dad4b473b6e\n    at file:///D:/Projects/Merkeb_erp/backend/server.js:155:17\n    at Layer.handleRequest (D:\\Projects\\Merkeb_erp\\backend\\node_modules\\router\\lib\\layer.js:152:17)\n    at trimPrefix (D:\\Projects\\Merkeb_erp\\backend\\node_modules\\router\\index.js:342:13)\n    at D:\\Projects\\Merkeb_erp\\backend\\node_modules\\router\\index.js:297:9\n    at processParams (D:\\Projects\\Merkeb_erp\\backend\\node_modules\\router\\index.js:582:12)\n    at next (D:\\Projects\\Merkeb_erp\\backend\\node_modules\\router\\index.js:291:5)\n    at D:\\Projects\\Merkeb_erp\\backend\\node_modules\\router\\index.js:688:15\n    at next (D:\\Projects\\Merkeb_erp\\backend\\node_modules\\router\\index.js:276:14)\n    at Function.handle (D:\\Projects\\Merkeb_erp\\backend\\node_modules\\router\\index.js:186:3)\n    at router (D:\\Projects\\Merkeb_erp\\backend\\node_modules\\router\\index.js:60:12)",
  "name": "Error",
  "code": "ROUTE_NOT_FOUND",
  "url": "/api/products/69dc9b071a044dad4b473b6e",
  "method": "DELETE",
  "params": {},
  "query": {},
  "headers": {
    "host": "localhost:5000",
    "connection": "keep-alive",
    "sec-ch-ua-platform": "\"iOS\"",
    "user-agent": "Mozilla/5.0 (iPhone; CPU iPhone OS 18_5 like Mac OS X) AppleWebKit/605.1.15 (KHTML, like Gecko) Version/18.5 Mobile/15E148 Safari/604.1",
    "accept": "application/json, text/plain, */*",
    "sec-ch-ua": "\"Chromium\";v=\"146\", \"Not-A.Brand\";v=\"24\", \"Google Chrome\";v=\"146\"",
    "sec-ch-ua-mobile": "?1",
    "origin": "http://localhost:5173",
    "sec-fetch-site": "same-site",
    "sec-fetch-mode": "cors",
    "sec-fetch-dest": "empty",
    "referer": "http://localhost:5173/",
    "accept-encoding": "gzip, deflate, br, zstd",
    "accept-language": "en-US,en;q=0.9,am;q=0.8"
  },
  "ip": "::1"
}
---
{
  "timestamp": "2026-04-17T06:22:32.502Z",
  "message": "Route not found: DELETE /api/products/69dbf789a02f0c4bda819bf0",
  "stack": "Error: Route not found: DELETE /api/products/69dbf789a02f0c4bda819bf0\n    at file:///D:/Projects/Merkeb_erp/backend/server.js:155:17\n    at Layer.handleRequest (D:\\Projects\\Merkeb_erp\\backend\\node_modules\\router\\lib\\layer.js:152:17)\n    at trimPrefix (D:\\Projects\\Merkeb_erp\\backend\\node_modules\\router\\index.js:342:13)\n    at D:\\Projects\\Merkeb_erp\\backend\\node_modules\\router\\index.js:297:9\n    at processParams (D:\\Projects\\Merkeb_erp\\backend\\node_modules\\router\\index.js:582:12)\n    at next (D:\\Projects\\Merkeb_erp\\backend\\node_modules\\router\\index.js:291:5)\n    at D:\\Projects\\Merkeb_erp\\backend\\node_modules\\router\\index.js:688:15\n    at next (D:\\Projects\\Merkeb_erp\\backend\\node_modules\\router\\index.js:276:14)\n    at Function.handle (D:\\Projects\\Merkeb_erp\\backend\\node_modules\\router\\index.js:186:3)\n    at router (D:\\Projects\\Merkeb_erp\\backend\\node_modules\\router\\index.js:60:12)",
  "name": "Error",
  "code": "ROUTE_NOT_FOUND",
  "url": "/api/products/69dbf789a02f0c4bda819bf0",
  "method": "DELETE",
  "params": {},
  "query": {},
  "headers": {
    "host": "localhost:5000",
    "connection": "keep-alive",
    "sec-ch-ua-platform": "\"iOS\"",
    "user-agent": "Mozilla/5.0 (iPhone; CPU iPhone OS 18_5 like Mac OS X) AppleWebKit/605.1.15 (KHTML, like Gecko) Version/18.5 Mobile/15E148 Safari/604.1",
    "accept": "application/json, text/plain, */*",
    "sec-ch-ua": "\"Chromium\";v=\"146\", \"Not-A.Brand\";v=\"24\", \"Google Chrome\";v=\"146\"",
    "sec-ch-ua-mobile": "?1",
    "origin": "http://localhost:5173",
    "sec-fetch-site": "same-site",
    "sec-fetch-mode": "cors",
    "sec-fetch-dest": "empty",
    "referer": "http://localhost:5173/",
    "accept-encoding": "gzip, deflate, br, zstd",
    "accept-language": "en-US,en;q=0.9,am;q=0.8"
  },
  "ip": "::1"
}
---
{
  "timestamp": "2026-04-17T06:22:32.508Z",
  "message": "Route not found: DELETE /api/products/69dbf789a02f0c4bda819bf0",
  "stack": "Error: Route not found: DELETE /api/products/69dbf789a02f0c4bda819bf0\n    at file:///D:/Projects/Merkeb_erp/backend/server.js:155:17\n    at Layer.handleRequest (D:\\Projects\\Merkeb_erp\\backend\\node_modules\\router\\lib\\layer.js:152:17)\n    at trimPrefix (D:\\Projects\\Merkeb_erp\\backend\\node_modules\\router\\index.js:342:13)\n    at D:\\Projects\\Merkeb_erp\\backend\\node_modules\\router\\index.js:297:9\n    at processParams (D:\\Projects\\Merkeb_erp\\backend\\node_modules\\router\\index.js:582:12)\n    at next (D:\\Projects\\Merkeb_erp\\backend\\node_modules\\router\\index.js:291:5)\n    at D:\\Projects\\Merkeb_erp\\backend\\node_modules\\router\\index.js:688:15\n    at next (D:\\Projects\\Merkeb_erp\\backend\\node_modules\\router\\index.js:276:14)\n    at Function.handle (D:\\Projects\\Merkeb_erp\\backend\\node_modules\\router\\index.js:186:3)\n    at router (D:\\Projects\\Merkeb_erp\\backend\\node_modules\\router\\index.js:60:12)",
  "name": "Error",
  "code": "ROUTE_NOT_FOUND",
  "url": "/api/products/69dbf789a02f0c4bda819bf0",
  "method": "DELETE",
  "params": {},
  "query": {},
  "headers": {
    "host": "localhost:5000",
    "connection": "keep-alive",
    "sec-ch-ua-platform": "\"iOS\"",
    "user-agent": "Mozilla/5.0 (iPhone; CPU iPhone OS 18_5 like Mac OS X) AppleWebKit/605.1.15 (KHTML, like Gecko) Version/18.5 Mobile/15E148 Safari/604.1",
    "accept": "application/json, text/plain, */*",
    "sec-ch-ua": "\"Chromium\";v=\"146\", \"Not-A.Brand\";v=\"24\", \"Google Chrome\";v=\"146\"",
    "sec-ch-ua-mobile": "?1",
    "origin": "http://localhost:5173",
    "sec-fetch-site": "same-site",
    "sec-fetch-mode": "cors",
    "sec-fetch-dest": "empty",
    "referer": "http://localhost:5173/",
    "accept-encoding": "gzip, deflate, br, zstd",
    "accept-language": "en-US,en;q=0.9,am;q=0.8"
  },
  "ip": "::1"
}
---
